[   0.000000  nnttaaiiiiggccrrupsusy  puee
[    ..0000] nnttaaiznn  ggooppssbbyy  pu

[   00000000  nnttaaiiiiggccrruup susss ppaacc
[    ..0000]]LLnnxx verio  ..4.0-33-gnnric bullddllgw01-amd64-037) (gcc version 5.4.0 20160609 (Ubuntu 5.4.0-6ubuntu1~16.04.10) ) #163-Ubuntu SMP Mon Sep 24 13:14:43 UTC 2018 (Ubuntu 4.4.0-137.163-generic 4.4.144)
[    0.000000] Command line: BOOT_IMAGE=/boot/vmlinuz-4.4.0-137-generic root=LABEL=cloudim--oottssrocconsoe=tt11ccnnooeettyy00

[   ..000000  EENNLLsspppottddccuu::

[   0.000000    nnee  eeuieentll
[    0.0000]]  MM AtteettccMM
[    .00000]  CenaarrCCnnaarraall
[   0.00000]xx6/pp::xxtttte_offstt2]:  576, xstate_sizes[2]:  256
[    0.000000] x8//fpu: Supporting XSAVE feature 0x01: 'x87 floating point registers'
[    0.000000] x86/fpu: Supporting XSAVE feature 0x02: 'SSE registers'
[    0.000000] x86/fpu: Supporting XSAVE feature 0x04: 'AVX registers'
[    0.000000] x86/fpu: Enabled xstate features 0x7, context size is 832 bytes, using 'standard' format.
[    0.000000] e820: BIOS-provided physical RAM map:
[    0.000000] BIOS-e820: [mem 0x0000000000000000-0x000000000009fbff] usable
[    0.000000] BIOS-e820: [mem 0x000000000009fc00-0x000000000009ffff] reserved
[    0.00000]]BBOO--8800  mmmm00000000000000000000000000000fffff  eeeeve
[    ..000000  IISSe800 [ee 0000000001100000x00000000ffeeffff  ssbbe
[    ..000000  IISSee22::[[em0000000000ffff0000-0x00000001fffffff  CCPI data
[   ..000000] BIOS-e820: [mem 0x00000000fec00000-0x00000000fec00fff] reserved
[    0.000000] BIOS-e820: [mem 0x00000000fee00000-0x00000000fee00fff] reserved
[    0.000000] BIOS-e820: [mem 0x00000000fffc0000-0x00000000ffffffff] reserved
[    0.000000] NX (Execute Disable) protection: active
[    0.000000] SMBIOS 2.5 present.
[    0.000000] Hypervisor detected: KVM
[    0.000000] e820: last_pfn = 0x1fff0 max_arch_pfn = 0x400000000
[    0.000000] MTRR: Disabled
[    0.000000] x86/PAT: MTRRs disabled, skipping PAT initialization too.
[    0.000000] CPU MTRRs all blank - virtualized system.
[    0.000000] x86/PAT: Configuration [0-7]: WB  WT  UC- UC  WB  WT  UC- UC  
[    0.000000] found SMP MP-table at [mem 0x0009fff0-0x0009ffff] mapped at [ffff88000009fff0]
[    0.000000] Scanning 1 areas for low memory corruption
[    0.000000] RAMDISK: [mem 0x1e9bd000-0x1f82ffff]
[    0.000000] ACPI: Early table checksum verification disabled
[    0.000000] ACPI: RSDP 0x00000000000E0000 000024 (v02 VBOX  )
[    0.000000] ACPI: XSDT 0x000000001FFF0030 00003C (v01 VBOX   VBOXXSDT 00000001 ASL  00000061)
[    0.000000] ACPI: FACP 0x000000001FFF00F0 0000F4 (v04 VBOX   VBOXFACP 00000001 ASL  00000061)
[    0.000000] ACPI: DSDT 0x000000001FFF0470 0021FF (v02 VBOX   VBOXBIOS 00000002 INTL 20160108)
[    0.000000] ACPI: FACS 0x000000001FFF0200 000040
[    0.000000] ACPI: FACS 0x000000001FFF0200 000040
[    0.000000] ACPI: APIC 0x000000001FFF0240 000054 (v02 VBOX   VBOXAPIC 00000001 ASL  00000061)
[    0.000000] ACPI: SSDT 0x000000001FFF02A0 0001CC (v01 VBOX   VBOXCPUT 00000002 INTL 20160108)
[    0.000000] No NUMA configuration found
[    0.000000] Faking a node at [mem 0x0000000000000000-0x000000001ffeffff]
[    0.000000] NODE_DATA(0) allocated [mem 0x1ffeb000-0x1ffeffff]
[    0.000000] kvm-clock: Using msrs 4b564d01 and 4b564d00
[    0.000000] kvm-clock: cpu 0, msr 0:1ffe3001, primary cpu clock
[    0.000000] kvm-clock: using sched offset of 3408325813 cycles
[    0.000000] clocksource: kvm-clock: mask: 0xffffffffffffffff max_cycles: 0x1cd42e4dffb, max_idle_ns: 881590591483 ns
[    0.000000] Zone ranges:
[    0.000000]   DMA      [mem 0x0000000000001000-0x0000000000ffffff]
[    0.000000]   DMA32    [mem 0x0000000001000000-0x000000001ffeffff]
[    0.000000]   Normal   empty
[    0.000000]   Device   empty
[    0.000000] Movable zone start for each node
[    0.000000] Early memory node ranges
[    0.000000]   node   0: [mem 0x00000000000100000000000000000efff
[   00000000]]  nndd    : mmm xx0000000010000-xx000000ffefff]
[    .00000] nnttee  eeuu  ooee00[[ee  x00000000011000000000011ffffff]]

[   ..000000  CCI:PMTiee I  oott 0x4008
[   0.000000] IOAPIC[0]: api_id 1,verson 32, addeess00ffcc0000,,GGII0022
[   0000000]]AAPP::IITTSR__VV  bbss 0 bus_iqq 0ggooaa__rr    ff dll
[    .00000]]AAPP::IIT_RR_ORR(bss0 uu_irq9 glba__rr    iihhllvvll
[    .00000]] Uiing ACP  (MADT) for SMP configuration information
[    0.000000] smpboot: Allowing 1 CPUs, 0 hotplug CPUs
[    0.000000] PM: Registered nosave memory: [mem 0x00000000-0x00000fff]
[    0.000000] PM: Registered nosave memory: [mem 0x0009f000-0x0009ffff]
[    0.000000] PM: Registered nosave memory: [mem 0x000a0000-0x000effff]
[    0.000000] PM: Registered nosave memory: [mem 0x000f0000-0x000fffff]
[    0.000000] e820: [mem 0x20000000-0xfebfffff] available for PCI devices
[    0.000000] Booting paravirtualized kernel on KVM
[    0.000000] clocksource: refined-jiffies: mask: 0xffffffff max_cycles: 0xffffffff, max_idle_ns: 7645519600211568 ns
[    0.000000] setup_percpu: NR_CPUS:512 nr_cpumask_bits:512 nr_cpu_ids:1 nr_node_ids:1
[    0.000000] PERCPU: Embedded 34 pages/cpu @ffff88001fc00000 s99608 r8192 d31464 u2097152
[    0.000000] PV qspinlock hash table entries: 256 (order: 0, 4096 bytes)
[    0.000000] Built 1 zonelists in Node order, mobility grouping on.  Total pages: 128888
[    0.000000] Policy zone: DMA32
[    0.000000] Kernel command line: BOOT_IMAGE=/boot/vmlinu-444001177ggnnrrccrroot=ABLLccooddmm--oottssrr  onooe=tt1 oosoeettSS
[   0.000000  II  aahhttbl  ntiis:2248((rdrr 2  6688  yyee))

    0.000000  eeooyy  8876KK528822  vallbl  8855KKkkrree  ooe,1114  wdtt,,44004K rodata, 1528K init, 1316K bss, 42068K reserved, 0K cma-reserved)
[    0.000000] SLUB: HWalign=64, Order=0-3, MinObjects=0, CPUs=1, Nodes=1
[    0.000000] Kernel/User page tables isolation: enabled
[    0.000000] Hierarchical RCU implementation.
[    0.000000] 	Build-time adjustment of leaf fanout to 64.
[    0.000000] 	RCU restricting CPUs from NR_CPUS=512 to nr_cpu_ids=1.
[    0.000000] RCU: Adjusting geometry for rcu_fanout_leaf=64, nr_cpu_ids=1
[    0.000000] NR_IRQS:33024 nr_irqs:256 16
[    0.000000] Console: colour VGA+ 80x25
[    0.000000] console [tty1] enabled
[    0.000000] console [ttyS0] enabled
[    0.000000  ss::Deeettdd244422  HH pocssoor
[    ..600310 Cllbbaaiiggddllyylloo  ssiippdd  rrssttvvllee.. 4988.44 BogoMPP  llpj996888)
[    7.020058] pid_max: default: 32768 minimum: 301
[   77029424  CCI:Coe eeiiiin 010033
[   7.20000] ACP: 2 CCI AM  abee  uuccessfuly acquired and loaded
[     7.439426] Security Framework initialized
[    7.460224] Yama: becoming mindful.
[    7.465588  ppAAmmrr  ppAAmmrriiiiiillzzdd

[  77669677 Dnnryccch  as  abeeenrres  5566(oddr:77 54488byes
[    7.998520] Inode-cache hash table entries: 32768 (order: 6, 262144 bytes)
[    8.020488] Mount-cache hash table entries: 1024 (order: 1, 8192 bytes)
[    8.021340] Mountpoint-cache hash table entries: 1024 (order: 1, 8192 bytes)
[    8.040178] Initializing cgroup subsys io
[    8.040800] Initializing cgroup subsys memory
[    8.041419] Initializing cgroup subsys devices
[    8.049930]Initialzingccroupssbbyy  rreeee
[    8.209844  nnttaaiiiiggccrruu  uussssnnttccss

[   8.449200] Initializing cgroup susssspperf_event
[    8.54017]IIitiaiizigg cgroup subsys net_prio
[    8.650061] Initializing cgroup subsys hugetlb
[    8.650701] Initializing cgroup subsys pids
[    8.652115] mce: CPU supports 0 MCE banks
[    8.652713] process: using mwait in idle threads
[    8.653378] Last level iTLB entries: 4KB 1024, 2MB 1024, 4MB 1024
[    8.654166] Last level dTLB entries: 4KB 1024, 2MB 1024, 4MB 1024, 1GB 4
[    8.655003] Spectre V2 : Mitigation: Full generic retpoline
[    8.655731] Spectre V2 : Spectre v2 mitigation: Speculation control IBPB not-supported IBRS not-supported
[    8.656830] Spectre V2 : Spectre v2 / SpectreRSB mitigation: Filling RSB on context switch
[    8.658197] Speculative Store Bypass: Vulnerable
[   88.67877] rreenn  MMP alternativesmmmoy:33KK

[   8.92655]]ffrrcc::alooatnn 32255eentris nn127 paes

[    9.230680] smpboot: APIC(0) Converting physical 0 to logical package 0
[    9.579972] smpboot: Max logical packages: 1
[    9.646299] x2apic enabled
[    9.771788] Switched APIC routing to physical x2apic.
[   10.012539] ..TIMER: vector=0x30 apic1=0 pin1=2 apic2=-1 pin2=-1
[   10.464571] APIC calibration not consistent with PM-Timer: 98ms instead of 100ms
[   10.646238] APIC delta adjusted to PM-Timer: 6290343 (6220086)
[   10.647066] smpboot: CPU0: Intel(R) Core(TM) i7-4710HQ CPU @ 2.50GHz (family: 0x6, model: 0x3c, stepping: 0x3)
[   10.648534] Performance Events: unsupported p6 CPU model 60 no PMU driver, software events only.
[   10.650125] KVM setup paravirtual spinlock
[   10.696609] x86: Booted up 1 node, 1 CPUs
[   10.912009] smpboot: Total of 1 processors activated (4988.44 BogoMIPS)
[   11.300225] devtmpfs: initialized
[   11.501004] evm: security.selinux
[   11.649125] evm: security.SMACK64
[   11.706683] evm: security.SMACK64EXEC
[   11.711239] evm: security.SMACK64TRANSMUTE
[   11.745128] evm: security.SMACK64MMAP
[   11.745831] evm: security.ima
[   11.758071] evm: security.capability
[   11.758779] clocksource: jiffies: mask: 0xffffffff max_cycles: 0xffffffff, max_idle_ns: 7645041785100000 ns
[   11.760071] futex hash table entries: 256 (order: 2, 16384 bytes)
[   12.006211] pinctrl core: initialized pinctrl subsystem
[   12.009802] RTC time: 10:54:20, date: 10/10/18
[   12.045462] NET: Registered protocol family 16
[   12.046362] cpuidle: using governor ladder
[   12.047038] cpuidle: using governor menu
[   12.047691] PCCT header not found.
[   12.048338] ACPI: bus type PCI registered
[   12.059699] acpiphp: ACPI Hot Plug PCI Controller Driver version: 0.5
[   12.070761] PCI: Using configuration type 1 for base access
[   12.075674] ACPI: Added _OSI(Module Device)
[   12.076426] ACPI: Added _OSI(Processor Device)
[   12.077214] ACPI: Added _OSI(3.0 _SCP Extensions)
[   12.078030] ACPI: Added _OSI(Processor Aggregator Device)
[   12.079397] ACPI: Executed 1 blocks of module-level executable AML code
[   12.121757] ACPI: Interpreter enabled
[   12.150041] ACPI: (supports S0 S5)
[   12.150590] ACPI: Using IOAPIC for interrupt routing
[   12.151409] PCI: Using host bridge windows from ACPI; if necessary, use "pci=nocrs" and report a bug
[   12.155243] ACPI: PCI Root Bridge [PCI0] (domain 0000 [bus 00-ff])
[   12.156272] acpi PNP0A03:00: _OSC: OS supports [ASPM ClockPM Segments MSI]
[   12.157157] acpi PNP0A03:00: _OSC: not requesting OS control; OS requires [ExtendedConfig ASPM ClockPM MSI]
[   12.160176] acpi PNP0A03:00: fail to add MMCONFIG information, can't access extended PCI configuration space under this bridge.
[   12.162979] PCI host bridge to bus 0000:00
[   12.163572] pci_bus 0000:00: root bus resource [io  0x0000-0x0cf7 window]
[   12.164419] pci_bus 0000:00: root bus resource [io  0x0d00-0xffff window]
[   12.165264] pci_bus 0000:00: root bus resource [mem 0x000a0000-0x000bffff window]
[   12.166352] pci_bus 0000:00: root bus resource [mem 0x20000000-0xffdfffff window]
[   12.167424] pci_bus 0000:00: root bus resource [bus 00-ff]
[   12.169288] pci 0000:00:01.1: legacy IDE quirk: reg 0x10: [io  0x01f0-0x01f7]
[   12.540005] pci 0000:00:01.1: legacy IDE quirk: reg 0x14: [io  0x03f6]
[   12.797548] pci 0000:00:01.1: legacy IDE quirk: reg 0x18: [io  0x0170-0x0177]
[   12.830420] pci 0000:00:01.1: legacy IDE quirk: reg 0x1c: [io  0x0376]
[   13.028405] pci 0000:00:07.0: quirk: [io  0x4000-0x403f] claimed by PIIX4 ACPI
[   13.030625] pci 0000:00:07.0: quirk: [io  0x4100-0x410f] claimed by PIIX4 SMB
[   13.037559] ACPI: PCI Interrupt Link [LNKA] (IRQs 5 9 10 *11)
[   13.041673] ACPI: PCI Interrupt Link [LNKB] (IRQs 5 9 10 *11)
[   13.042811] ACPI: PCI Interrupt Link [LNKC] (IRQs 5 9 *10 11)
[   13.043907] ACPI: PCI Interrupt Link [LNKD] (IRQs 5 *9 10 11)
[   13.285691] ACPI: Enabled 2 GPEs in block 00 to 07
[   13.410629] vgaarb: setting as boot device: PCI:0000:00:02.0
[   13.540045] vgaarb: device added: PCI:0000:00:02.0,decodes=io+mem,owns=io+mem,locks=none
[   13.543377] vgaarb: loaded
[   13.546129] vgaarb: bridge control possible 0000:00:02.0
[   13.547224] SCSI subsystem initialized
[   13.550352] ACPI: bus type USB registered
[   13.554177] usbcore: registered new interface driver usbfs
[   13.570450] usbcore: registered new interface driver hub
[   13.590365] usbcore: registered new device driver usb
[   13.606725] PCI: Using ACPI for IRQ routing
[   13.632098] NetLabel: Initializing
[   13.651459] NetLabel:  domain hash size = 128
[   13.652868] NetLabel:  protocols = UNLABELED CIPSOv4
[   13.653942] NetLabel:  unlabeled traffic allowed by default
[   13.654818] amd_nb: Cannot enumerate AMD northbridges
[   13.840044] clocksource: Switched to clocksource kvm-clock
[   13.878188] AppArmor: AppArmor Filesystem Enabled
[   13.930277] pnp: PnP ACPI init
[   13.931355] pnp: PnP ACPI: found 3 devices
[   13.937397] clocksource: acpi_pm: mask: 0xffffff max_cycles: 0xffffff, max_idle_ns: 2085701024 ns
[   14.660230] NET: Registered protocol family 2
[   14.710379] TCP established hash table entries: 4096 (order: 3, 32768 bytes)
[   14.750750] TCP bind hash table entries: 4096 (order: 4, 65536 bytes)
[   14.800664] TCP: Hash tables configured (established 4096 bind 4096)
[   14.801916] UDP hash table entries: 256 (order: 1, 8192 bytes)
[   14.821004] UDP-Lite hash table entries: 256 (order: 1, 8192 bytes)
[   14.860573] NET: Registered protocol family 1
[   14.861519] pci 0000:00:00.0: Limiting direct PCI/PCI transfers
[   14.862689] pci 0000:00:01.0: Activating ISA DMA hang workarounds
[   14.866931] Unpacking initramfs...
[   15.087878] Freeing initrd memory: 14796K
[   15.120220] RAPL PMU detected, API unit is 2^-32 Joules, 4 fixed counters 10737418240 ms ovfl timer
[   15.130497  hw unit of domain pp0-core 2^-0 Joules
[   15.398806] hw unit of domain package 2^-0 Joules
[   15.656906] hw unit of domain dram 2^-0 Joules
[   15.865255] hw unit of domain pp1-gpu 2^-0 Joules
[   16.027280] platform rtc_cmos: registered platform RTC device (no PNP device found)
[   16.054478] Scanning for low memory corruption every 60 seconds
[   16.055494] audit: initializing netlink subsys (disabled)
[   16.090445] audit: type=2000 audit(1539168855.813:1): initialized
[   16.091489] Initialise system trusted keyring
[   16.092183] HugeTLB registered 2 MB page size, pre-allocated 0 pages
[   16.094050] zbud: loaded
[   16.094740] VFS: Disk quotas dquot_6.6.0
[   16.236359] VFS: Dquot-cache hash table entries: 512 (order 0, 4096 bytes)
[   16.620265] squashfs: version 4.0 (2009/01/31) Phillip Lougher
[   17.030002] tsc: Refined TSC clocksource calibration: 2491.001 MHz
[   17.091708] clocksource: tsc: mask: 0xffffffffffffffff max_cycles: 0x23e804ca48f, max_idle_ns: 440795241875 ns
[   17.093272] fuse init (API version 7.23)
[   17.093977] Key type big_key registered
[   17.120152] Allocating IMA MOK and blacklist keyrings.
[   17.365462] Key type asymmetric registered
[   17.370308] Asymmetric key parser 'x509' registered
[   17.390634] Block layer SCSI generic (bsg) driver version 0.4 loaded (major 249)
[   17.394981] io scheduler noop registered
[   17.400244] io scheduler deadline registered (default)
[   17.401325] io scheduler cfq registered
[   17.402319] pci_hotplug: PCI Hot Plug PCI Core version: 0.5
[   17.410710] pciehp: PCI Express Hot Plug Controller Driver version: 0.4
[   17.412169] ACPI: AC Adapter [AC] (on-line)
[   17.413097] input: Power Button as /devices/LNXSYSTM:00/LNXPWRBN:00/input/input0
[   17.414595] ACPI: Power Button [PWRF]
[   17.415496] input: Sleep Button as /devices/LNXSYSTM:00/LNXSLPBN:00/input/input1
[   17.530330] ACPI: SleppBButton [SLPF]
[   17.790464] ACPI: Battery Soo  [BAT0] (battrr  rrssent)
[   18.188254] GHES: HEST is not enabled!
[   18.280036] Serial: 8250/16550ddiiver, 32 oort,,IIQQsshaiigg enabled

ÿ[   18.738079] 00:02: ttyS0 at I/O 0x3f8 (irq = 4, base_baud = 115200) is a 16550A
[   18.891609] Linux agpgart interface v..00
[   19.179094] loop: module loaded
[   19.214779] scsi hos00: ata_piix
[   19.262764  scsi host1: ata_piix
[   19.406254] ata1: PATA max UDMA/33 cmd 0x1f0 ctl 0x3f6 bmdma 0xd000 irq 14
[   19.900029] ata2: PATA max UDMA/33 cmd 0x170 ctl 0x376 bmdma 0xd008 irq 15
[   20.290707] libphy: Fixed MDIO Bus: probed
[   20.293756] tun: Universal TUN/TAP device driver, 1.6
[   20.294442] tun: (C) 1999-2004 Max Krasnyansky <maxk@qualcomm.com>
[   20.295296] PPP generic driver version 2.4.2
[   20.296032] ehci_hcd: USB 2.0 'Enhanced' Host Controller (EHCI) Driver
[   20.296885] ehci-pci: EHCI PCI platform driver
[   20.320061] ehci-platform: EHCI generic platform driver
[   20.350158] ohci_hcd: USB 1.1 'Open' Host Controller (OHCI) Driver
[   2..693212] ohci-pci: OHCI PCI platform driver
[   20.741812] ohci-platform: OHCI generic platform driver
[   21.094724] uhci_hcd: USB Universll Host Controller Interface driver
[   21.300167] i8042: PNP: PS/2 Controller [PNP0303:PS2K,PNP0f03:PS2M] at 0x60,0x64 irq 1,12
[   21.301731] serio: i8042 KBD port at 0x60,0x64 irq 1
[   21.302427] serio: i8042 AUX port at 0x60,0x64 irq 12
[   21.303215] mousedev: PS/2 mouse device common for all mice
[   21.304170] input: AT Translated Set 2 keyboard as /devices/platform/i8042/serio0/input/input2
[   21.305748] rtc_cmos rtc_cmos: rtc core: registered rtc_cmos as rtc0
[   21.360076] rtc_cmos rtc_cmos: alarms up to one day, 114 bytes nvram
[   21.430310] i2c /dev entries driver
[   21.430906] device-mapper: uevent: version 1.0.3
[   21.431622] device-mapper: ioctl: 4.34.0-ioctl (2015-10-28) initialised: dm-devel@redhat.com
[   21.680603] ledtrig-cpu: registered to indicate activity on CPUs
[   21.681648] NET: Registered protocol family 10
[   21.682416] NET: Registered protocol family 17
[   21.685850] Key type dns_resolver registered
[   21.690346] registered taskstats version 1
[   21.690965] Loading compiled-in X.509 certificates
[   21.692391] Loaded X.509 cert 'Build time autogenerated kernel key: 20acc96b50ca7641011eace69d32209215a9b56f'
[   21.720968] zswap: loaded using pool lzo/zbud
[   21.728593] Key type trusted registered
[   21.762258] Key type encrypted registered
[   21.780303] AppArmor: AppArmor sha1 policy hashing enabled
[   21.788389] ima: No TPM chip found, activating TPM-bypass!
[   21.790408] ima: Allocated hash algorithm: sha1
[   21.791191] evm: HMAC attrs: 0x1
[   21.793747]   Magic number: 6:725:931
[   21.798313] rtc_cmos rtc_cmos: setting system clock to 2018-10-10 10:54:30 UTC (1539168870)
[   21.800949] BIOS EDD facility v0.16 2004-Jun-25, 0 devices found
[   21.807535] EDD information not available.
[   21.811279] Freeing unused kernel memory: 1528K
[   21.824055] Write protecting the kernel read-only data: 14336k
[   21.835034] Freeing unused kernel memory: 1672K
[   21.837821] Freeing unused kernel memory: 92K
Loading, please [   21.850002] random: udevadm: uninitialized urandom read (16 bytes read, 3 bits of entropy available)
wait...
startin[   21.881851] random: systemd-udevd: uninitialized urandom read (16 bytes read, 3 bits of entropy available)
g version 229
[   22.010896] random: udevadm: uninitialized urandom read (16 bytes read, 3 bits of entropy available)
[   22.021019] random: udevadm: uninitialized urandom read (16 bytes read, 3 bits of entropy available)
[   22.090827] random: udevadm: uninitialized urandom read (16 bytes read, 3 bits of entropy available)
[   22.140401] random: systemd-udevd: uninitialized urandom read (16 bytes read, 3 bits of entropy available)
[   22.260895] random: udevadm: uninitialized urandom read (16 bytes read, 3 bits of entropy available)
[   22.262188] random: udevadm: uninitialized urandom read (16 bytes read, 3 bits of entropy available)
[   22.263462] random: udevadm: uninitialized urandom read (16 bytes read, 3 bits of entropy available)
[   22.264757] random: udevadm: uninitialized urandom read (16 bytes read, 3 bits of entropy available)
[   22.318317] e1000: Intel(R) PRO/1000 Network Driver - version 7.3.21-k8-NAPI
[   22.440393] e1000: Copyright (c) 1999-2006 Intel Corporation.
[   22.546608] Fusion MPT base driver 3.04.20
[   22.959899] Copyright (c) 1999-2008 LSI Corporation
[   23.256620] AVX version of gcm_enc/dec engaged.
[   23.539934] AES CTR mode by8 optimization enabled
[   23.571228] input: ImExPS/2 Generic Explorer Mouse as /devices/platform/i8042/serio1/input/input4
[   23.662023] Fusion MPT SPI Host driver 3.04.20
[   24.013190] e1000 0000:00:03.0 eth0: (PCI:33MHz:32-bit) 02:e1:e1:d1:e4:77
[   24.600006] e1000 0000:00:03.0 eth0: Intel(R) PRO/1000 Network Connection
[   24.601637] mptbase: ioc0: Initiating bringup
[   24.704420] ioc0: LSI53C1030 A0: Capabilities={Initiator}
[   25.398075] scsi host2: ioc0: LSI53C1030 A0, FwRev=00000000h, Ports=1, MaxQ=256, IRQ=20
[   25.574762] scsi 2:0:0:0: Direct-Access     VBOX     HARDDISK         1.0  PQ: 0 ANSI: 5
[   25.650788] scsi target2:0:0: Beginning Domain Validation
[   25.798708] scsi target2:0:0: Domain Validation skipping write tests
[   26.177743] scsi target2:0:0: Ending Domain Validation
[   26.739126] scsi target2:0:0: asynchronous
[   26.800509] scsi 2:0:1:0: Direct-Access     VBOX     HARDDISK         1.0  PQ: 0 ANSI: 5
[   26.810148] scsi target2:0:1: Beginning Domain Validation
[   26.861967] scsi target2:0:1: Domain Validation skipping write tests
[   27.020191] scsi target2:0:1: Ending Domain Validation
[   27.160698] e1000 0000:00:08.0 eth1: (PCI:33MHz:32-bit) 08:00:27:88:1a:8b
[   27.161904] e1000 0000:00:08.0 eth1: Intel(R) PRO/1000 Network Connection
[   27.163978] scsi target2:0:1: asynchronous
[   27.173610] sd 2:0:0:0: Attached scsi generic sg0 type 0
[   27.210180] sd 2:0:0:0: [sda] 20971520 512-byte logical blocks: (10.7 GB/10.0 GiB)
[   27.241490] sd 2:0:0:0: [sda] Write Protect is off
[   27.344419] sd 2:0:1:0: [sdb] 20480 512-byte logical blocks: (10.5 MB/10.0 MiB)
[   27.830395] sd 2:0:1:0: Attached scsi generic sg1 type 0
[   27.999212] sd 2:0:0:0: [sda] Incomplete mode parameter data
[   28.369891] sd 2:0:0:0: [sda] Assuming drive cache: write through
[   29.071624] sd 2:0:1:0: [sdb] Write Protect is off
[   29.550445] sd 2:0:1:0: [sdb] Incomplete mode parameter data
[   29.960203] sd 2:0:1:0: [sdb] Assuming drive cache: write through
[   30.041431] e1000 0000:00:09.0 eth2: (PCI:33MHz:32-bit) 08:00:27:24:6f:a2
[   30.459935] e1000 0000:00:09.0 eth2: Intel(R) PRO/1000 Network Connection
[   31.030029]  sda: sda1
[   31.050776] sd 2:0:0:0: [sda] Attached SCSI disk
[   31.071469] e1000 0000:00:09.0 enp0s9: renamed from eth2
[   31.081728] e1000 0000:00:08.0 enp0s8: renamed from eth1
[   31.091410] e1000 0000:00:03.0 enp0s3: renamed from eth0
[   31.400789] sd 2:0:1:0: [sdb] Attached SCSI disk
Begin: Loading e[   32.720360] md: linear personality registered for level -1
ssential drivers[   32.923319] md: multipath personality registered for level -4
 ... [   32.927002] md: raid0 personality registered for level 0
[   33.084162] md: raid1 personality registered for level 1
[   33.396443] raid6: sse2x1   gen() 10872 MB/s
[   33.679517] raid6: sse2x1   xor()  8568 MB/s
[   34.069522] raid6: sse2x2   gen() 14811 MB/s
[   34.349504] raid6: sse2x2   xor()  8796 MB/s
[   34.679515] raid6: sse2x4   gen() 16969 MB/s
[   34.829572] raid6: sse2x4   xor() 11642 MB/s
[   34.920151] raid6: using algorithm sse2x4 gen() 16969 MB/s
[   35.350065] raid6: .... xor() 11642 MB/s, rmw enabled
[   35.440055] raid6: using ssse3x2 recovery algorithm
[   35.442573] xor: automatically using best checksumming function:
[   35.549512]    avx       : 61612.000 MB/sec
[   35.831618] async_tx: api initialized (async)
[   35.891117] md: raid6 personality registered for level 6
[   36.160306] md: raid5 personality registered for level 5
[   36.161301] md: raid4 personality registered for level 4
[   36.176135] md: raid10 personality registered for level 10
done.
Begin: Running /scripts/init-premount ... done.
Begin: Mounti[   36.471330] Btrfs loaded
ng root file system ... Begin: Running /scripts/local-top ... done.
Begin: Running /scripts/local-premount ... Scanning for Btrfs filesystems
done.
Warning: [   36.547505] EXT4-fs (sda1): mounted filesystem with ordered data mode. Opts: (null)
fsck not present, so skipping root file system
done.
Begin: Running /scripts/local-bottom ... done.
Begin: Running /scripts/init-bottom ... done.
[   37773333]]sssstemd[1]: systemd 229 running i  yyttmm mode. (+PAM++UUII  SSELINUX +IMA +APPARMOR +SMACK +SYSVINIT +UTMP +LIBCRYPTSETUP +GCRYPT +GNUTLS +ACL +XZ -LZ4 +SECCOMP +BLKID +ELFUTILS +KMOD -IDN)
[   38.589777] systemd[1]: Detected virtualization oracle.
[   38.619182] systemd[1]: Detected architecture x86-64.
[   38.781113]rrandom: nonblociigg pool is initialized

Welcome to [1mUbuntu 16.04.5 LTS[0m!

[   39.232285] systemd[1]: Set hostname to <ubuntu>.
[   39.687790] systemd[1]: Initializing machine ID from random generator.
[   39.710532] systemd[1]: Installed transient /etc/machine-id file.
[   40.521100] systemd[1]: Listening on udev Kernel Socket.
[[0;32m  OK  [0m] Listening on udev Kernel Socket.
[   40.741543] systemd[1]: Reached target User and Group Name Lookups.
[[0;32m  OK  [0m] Reached target User and Group Name Lookups.
[   40.744081] systemd[1]: Listening on /dev/initctl Compatibility Named Pipe.
[[0;32m  OK  [0m] Listening on /dev/initctl Compatibility Named Pipe.
[   40.746805] systemd[1]: Listening on Journal Socket (/dev/log).
[[0;32m  OK  [0m] Listening on Journal Socket (/dev/log).
[   40.772305] systemd[1]: Reached target Encrypted Volumes.
[[0;32m  OK  [0m] Reached target Encrypted Volumes.
[   40.791159] systemd[1]: Started Trigger resolvconf update for networkd DNS.
[[0;32m  OK  [0m] Started Trigger resolvconf update for networkd DNS.
[   40.794085] systemd[1]: Listening on LVM2 metadata daemon socket.
[[0;32m  OK  [0m] Listening on LVM2 metadata daemon socket.
[   41.208602] systemd[1]: Listening on Journal Socket.
[[0;32m  OK  [0m] Listening on Journal Socket.
[   41.673823] systemd[1]: Started Forward Password Requests to Wall Directory Watch.
[[0;32m  OK  [0m] Started Forward Password Requests to Wall Directory Watch.
[   41.680750] systemd[1]: Set up automount Arbitrary Executable File Formats File System Automount Point.
[[0;32m  OK  [0m] Set up automount Arbitrary Executab...ats File System Automount Point.
[   41.812277] systemd[1]: Listening on udev Control Socket.
[[0;32m  OK  [0m] Listening on udev Control Socket.
[   41.814531] systemd[1]: Reached target System Time Synchronized.
[[0;32m  OK  [0m] Reached target System Time Synchronized.
[   41.830775] systemd[1]: Listening on LVM2 poll daemon socket.
[[0;32m  OK  [0m] Listening on LVM2 poll daemon socket.
[   41.857713] systemd[1]: Listening on Device-mapper event daemon FIFOs.
[[0;32m  OK  [0m] Listening on Device-mapper event daemon FIFOs.
[   41.872483] systemd[1]: Listening on Journal Audit Socket.
[[0;32m  OK  [0m] Listening on Journal Audit Socket.
[   42.276335] systemd[1]: Listening on Syslog Socket.
[[0;32m  OK  [0m] Listening on Syslog Socket.
[   42.293396] systemd[1]: Created slice System Slice.
[[0;32m  OK  [0m] Created slice System Slice.
[   42.309017] systemd[1]: Starting Create list of required static device nodes for the current kernel...
         Starting Create list of required st... nodes for the current kernel...
[   42.324549] systemd[1]: Starting Journal Service...
         Starting Journal Service...
[   42.385836] systemd[1]: Starting Uncomplicttdd firewall...
         Starting Uncomplicated firewall...
[   42.517285] systemd[1]: Created slice system-serial\x2dgetty.slice.
[[0;32m  OK  [0m] Created slice system-serial\x2dgetty.slice.
[   42.543236] systemd[1]: Starting Monitoring of LVM2 mirrors, snapshots etc. using dmeventd or progress polling...
         Starting Monitoring of LVM2 mirrors... dmeventd or progress polling...
[   42.660971] systemd[1]: Starting Set console keymap...
         Starting Set console keymap...
[   42.685634] systemd[1]: Mounting Debug File System...
         Mounting Debug File System...
[   42.704858] systemd[1]: Starting Load Kernel Modules...
         Starting Load Kernel Modules...
[   42.745882] systemd[1]: Starting Nameserver information manager...
         Starting Nameserver information manager...
[   42.797089] systemd[1]: Starting Remount Root and Kernel File Systems...
         Starting Remount Root and Kernel File Systems...
[   42.820869] systemd[1]: Mounting Huge Pages File System...
[   42.832386] EXT4-fs (sda1): re-mounted. Opts: (null)
         Mounting Huge Pages File System...
[   42.873087] systemd[1]: Mounting POSIX Message Queue File System...
         Mounting POSIX Message Queue File System...
[   42.884781] systemd[1]: Created slice User and Session Slice.
[[0;32m  OK  [0m] Created slice User and Session Slice.
[   42.901593] systemd[1]: Reached target Slices.
[[0;32m  OK  [0m] Reached target Slices.
[   42.911280] systemd[1]: Reached target Swap.
[[0;32m  OK  [0m] Reached target Swap.
[   42.917016] systemd[1]: Mounted Debug File System.
[[0;32m  OK  [0m] Mounted Debug[   42.921142] Loading iSCSI transport class v2.0-870.
 File System.
[   42.950705] systemd[1]: Mounted Huge Pages File System.
[[0;32m  OK  [0m] Mounted Huge Pages File System.
[   42.954110] systemd[1]: Mounted POSIX Message Queue File System.
[[0;32m  OK  [0m] Mounted POSIX Message Queue File System.
[   42.956180] systemd[1]: Started Journal Service.
[[0;32m  OK  [0m] Started Journal Service.
[[0;32m  OK  [0m] Started Create list of required sta...ce node[   42.996186] iscsi: registered transport (tcp)
s for the current kernel.
[[0;32m  OK  [0m] Started Uncomplicated firewall.
[[0;32m  OK  [0m] Started Set console keymap.
[[0;32m  OK  [0m] Started Remount Root and Kernel File Systems.
[[0;32m  OK  [0m] Started Nameserver information manager.
[[0;32m  OK  [0m] Started LVM2 metadata daemon.
         [   43.146909] iscsi: registered transport (iser)
Starting Load/Save Random Seed...
         Starting udev Coldplug all Devices...
         Starting Create Static Device Nodes in /dev...
         Starting Flush Journal to Persistent Storage...
[[0;32m  OK  [0m] Started Monitoring of LVM2 mirrors,...ng dmeventd or progress polling.
[[0;32m  OK  [0m] Started Load Kernel Modules.
[[0;32m  OK  [0m] Started Load/Save Random Seed.
         [   43.967475] systemd-journald[364]: Received request to flush runtime journal from PID 1
Mounting FUSE Control File System...
         Starting Apply Kernel Variables...
[[0;32m  OK  [0m] Mounted FUSE Control File System.
[[0;32m  OK  [0m] Started Create Static Device Nodes in /dev.
[[0;32m  OK  [0m] Started Flush Journal to Persistent Storage.
[[0;32m  OK  [0m] Started udev Coldplug all Devices.
[[0;32m  OK  [0m] Started Apply Kernel Variables.
         Starting udev Kernel Device Manager...
[[0;32m  OK  [0m] Started udev Kernel Device Manager.
[[0;32m  OK  [0m] Started Dispatch Password Requests to Console Directory Watch.
[[0;32m  OK  [0m] Reached target Local File Systems (Pre).
[[0;32m  OK  [0m] Reached target Local File Systems.
         Starting Set console font and keymap...
         Starting Initial cloud-init job (pre-networking)...
         Starting Commit a transient machine-id on disk...
         Starting LSB: AppArmor initialization...
         Starting Tell Plymouth To Write Out Runtime Data...
         Starting Create Volatile Files and Directories...
[[0;32m  OK  [0m] Started Set console font and keymap.
[[0;32m  OK  [0m] Started Commit a transient machine-id on disk.
[[0;32m  OK  [0m] Started Tell Plymouth To Write Out Runtime Data.
[[0;32m  OK  [0m] Started Create Volatile Files and Directories.
[[0;32m  OK  [0m] Found device /dev/ttyS0.
[[0;32m  OK  [0m] Listening on Load/Save RF Kill Switch Status /dev/rfkill Watch.
         Starting Update UTMP about System Boot/Shutdown...
[[0;32m  OK  [0m] Created slice system-getty.slice.
[[0;32m  OK  [0m] Started Update UTMP about System Boot/Shutdown.
[[0;32m  OK  [0m] Started LSB: AppArmor initialization.
[   35.886307] cloud-init[566]: Cloud-init v. 18.3-9-g2e62cb8a-0ubuntu1~16.04.2 running 'init-local' at Wed, 10 Oct 2018 10:54:57 +0000. Up 35.44 seconds.
[[0;32m  OK  [0m] Started Initial cloud-init job (pre-networking).
[[0;32m  OK  [0m] Reached target Network (Pre).
         Starting Raise network interfaces...
[[0;32m  OK  [0m] Started Raise network interfaces.
         Starting Initial cloud-init job (metadata service crawler)...
[[0;32m  OK  [0m] Reached target Network.
[   38.318763] cloud-init[965]: Cloud-init v. 18.3-9-g2e62cb8a-0ubuntu1~16.04.2 running 'init' at Wed, 10 Oct 2018 10:54:58 +0000. Up 36.61 seconds.
[   38.360726] cloud-init[965]: ci-info: ++++++++++++++++++++++++++++++++++++++Net device info+++++++++++++++++++++++++++++++++++++++
[[0;32m  OK  [0m] Started Initial cloud-init job (metadata service crawler).
[[0;32m  OK  [0m] Reached target System Initialization.
[   38.365644] cloud-init[965]: ci-info: +--------+-------+----------------------------+---------------+--------+-------------------+
[   38.455547] [[0;32m  OK  [0m] Listening on ACPID Listen Socket.
cloud-init[965]: ci-info: | Device |   Up  |          Address           |      Mask     | Scope  |     Hw-Address    |
[[0;32m  OK  [0m[   38.464515] cloud-init[965]: ci-info: +--------+-------+----------------------------+---------------+--------+-------------------+
[   38.464594] cloud-init[965]: ci-info: | enp0s3 |  True |         10.0.2.15          | 255.255.255.0 | global | 02:e1:e1:d1:e4:77 |
[   38.464670] cloud-init[965]: ci-info: | enp0s3 |  True | fe80::e1:e1ff:fed1:e477/64 |       .       |  link  | 02:e1:e1:d1:e4:77 |
[   38.464732] cloud-init[965]: ci-info: | enp0s8 | False |             .              |       .       |   .    | 08:00:27:88:1a:8b |
[   38.464793] cloud-init[965]: ci-info: | enp0s9 | False |             .              |       .       |   .    | 08:00:27:24:6f:a2 |
[   38.464855] cloud-init[965]: ci-info: |   lo   |  True |         127.0.0.1          |   255.0.0.0   |  host  |         .         |
[   38.464914] cloud-init[965]: ci-info: |   lo   |  True |          ::1/128           |       .       |  host  |         .         |
[   38.464981] cloud-init[965]: ci-info: +--------+-------+----------------------------+---------------+--------+-------------------+
[   38.465040] cloud-init[965]: ci-info: +++++++++++++++++++++++++++Route IPv4 info++++++++++++++++++++++++++++
[   38.465100] cloud-init[965]: ci-info: +-------+-------------+----------+---------------+-----------+-------+
[   38.465162] cloud-init[965]: ci-info: | Route | Destination | Gateway  |    Genmask    | Interface | Flags |
[   38.465225] cloud-init[965]: ci-info: +-------+-------------+----------+---------------+-----------+-------+
[   38.465285] cloud-init[965]: ci-info: |   0   |   0.0.0.0   | 10.0.2.2 |    0.0.0.0    |   enp0s3  |   UG  |
[   38.465342] cloud-init[965]: ci-info: |   1   |   10.0.2.0  | 0.0.0.0  | 255.255.255.0 |   enp0s3  |   U   |
[   38.465401] cloud-init[965]: ci-info: +-------+-------------+----------+---------------+-----------+-------+
[   38.465460] cloud-init[965]: ci-info: +++++++++++++++++++Route IPv6 info+++++++++++++++++++
[   38.465538] cloud-init[965]: ci-info: +-------+-------------+---------+-----------+-------+
[   38.465604] cloud-init[965]: ci-info: | Route | Destination | Gateway | Interface | Flags |
[   38.465692] cloud-init[965]: ci-info: +-------+-------------+---------+-----------+-------+
[   38.465762] cloud-init[965]: ci-info: |   0   |  fe80::/64  |    ::   |   enp0s3  |   U   |
[   38.465826] cloud-init[965]: ci-info: |   3   |   ff00::/8  |    ::   |   enp0s3  |   U   |
[   38.465885] cloud-init[965]: ci-info: +-------+-------------+---------+-----------+-------+
[   38.465943] cloud-init[965]: Generating public/private rsa key pair.
[   38.466003] cloud-init[965]: Your identification has been saved in /etc/ssh/ssh_host_rsa_key.
[   38.466062] cloud-init[965]: Your public key has been saved in /etc/ssh/ssh_host_rsa_key.pub.
[   38.466121] cloud-init[965]: The key fingerprint is:
[   38.466182] cloud-init[965]: SHA256:X1sT89BIPCjp/WWXJDY3uolkoh/H1SUul8Z3XuXFdzY root@ubuntu-xenial
[   38.466242] cloud-init[965]: The key's randomart image is:
[   38.466302] cloud-init[965]: +---[RSA 2048]----+
[   38.466361] cloud-init[965]: |           . o.. |
[   38.466420] cloud-init[965]: |          o .=+EO|
[   38.466483] cloud-init[965]: |         . o.o%*@|
[   38.466542] cloud-init[965]: |         ..ooo*BO|
[   38.466602] cloud-init[965]: |        S = +====|
[   38.466661] cloud-init[965]: |       . o = =...|
[   38.466720] cloud-init[965]: |        . + .    |
[   38.466780] cloud-init[965]: |         .       |
[   38.466839] cloud-init[965]: |                 |
[   38.466900] cloud-init[965]: +----[SHA256]-----+
[   38.466961] cloud-init[965]: Generating public/private dsa key pair.
[   38.467019] cloud-init[965]: Your identification has been saved in /etc/ssh/ssh_host_dsa_key.
[   38.467080] cloud-init[965]: Your public key has been saved in /etc/ssh/ssh_host_dsa_key.pub.
[   38.467138] cloud-init[965]: The key fingerprint is:
[   38.467197] cloud-init[965]: SHA256:iEC7vciL0M2m4wsvm66+i5adh8tvW9FfnG60NY6vWMk root@ubuntu-xenial
[   38.467258] cloud-init[965]: The key's randomart image is:] Started ACPI Events Check.
[[0;32m  OK  [0m] Reached target Paths.
         Starting Socket activation for snappy daemon.
[[0;32m  OK  [0m] Listening on UUID daemon activation socket.
[[0;32m  OK  [0m] Started Daily apt download activities.
[[0;32m  OK  [0m] Started Daily apt upgrade and clean activities.
[[0;32m  OK  [0m] Started Daily Cleanup of Temporary Directories.

[   38.512628] cloud-init[965]: +---[DSA 1024]----+
[   38.514580] cloud-init[965]: |  .              |
[   38.516645] cloud-init[965]: | . .             |
[   38.518710] cloud-init[965]: |  o              |
         Starting LXD - unix socket.
[[0;32m  OK  [0m] Reached target Timers.
[   38.524174] cloud-init[965]: |   + . ..   . .  |
[   38.620313] cloud-init[965]: |  . o ..S.   = o |
[[0;32m  OK  [0m] Listening on D-Bus System Message Bus Socket.
[[   38.657961] cloud-init[965]: | o + .  . . = * .|
[   38.660422] cloud-init[965]: |o * B  .   . E . |
[   38.660470] cloud-init[965]: |+BoB o.     + .  |
[   38.660499] cloud-init[965]: |@OO==o.    . ... |
[   38.660527] cloud-init[965]: +----[SHA256]-----+
[   38.660564] cloud-init[965]: Generating public/private ecdsa key pair.
[   38.660593] cloud-init[965]: Your identification has been saved in /etc/ssh/ssh_host_ecdsa_key.
[   38.660621] cloud-init[965]: Your public key has been saved in /etc/ssh/ssh_host_ecdsa_key.pub.
[   38.660650] cloud-init[965]: The key fingerprint is:
[   38.660679] cloud-init[965]: SHA256:IoHFYBEpIlcg7S8/28qlAkiXEDmR7LLcdIRCWzKkgFg root@ubuntu-xenial
[   38.660709] cloud-init[965]: The key's randomart image is:
[   38.660739] cloud-init[965]: +---[ECDSA 256]---+
[   38.660775] cloud-init[965]: |OXEX+            |
[   38.660816] cloud-init[965]: |OXO+..           |
[   38.660845] cloud-init[965]: |=== +            |
[   38.660877] cloud-init[965]: |.o.+ o           |
[   38.660906] cloud-init[965]: |=.+.o . S        |
[   38.660937] cloud-init[965]: |+..... .         |
[   38.660966] cloud-init[965]: | . o  .          |
[   38.660994] cloud-init[965]: |  ..o+           |
[   38.661021] cloud-init[965]: |   .=+.          |
[   38.661049] cloud-init[965]: +----[SHA256]-----+
[   38.661076] cloud-init[965]: Generating public/private ed25519 key pair.
[   38.661103] cloud-init[965]: Your identification has been saved in /etc/ssh/ssh_host_ed25519_key.
[   38.661130] cloud-init[965]: Your public key has been saved in /etc/ssh/ssh_host_ed25519_key.pub.
[   38.661158] cloud-init[965]: The key fingerprint is:
[   38.661378] cloud-init[965]: SHA256:x43XRtx7+lKtUq376CT/sDZNLWQwSIRXdFBByV2AYtM root@ubuntu-xenial
[   38.661420] cloud-init[965]: The key's randomart image is:
[   38.661449] cloud-init[965]: +--[ED25519 256]--+
[   38.661476] cloud-init[965]: |         +o=+**=o|
[   38.661505] cloud-init[965]: |        . * Eoo..|
[   38.661565] cloud-init[965]: |         o o oo .|
[   38.661595] cloud-init[965]: |         . o oo .|
[   38.661623] cloud-init[965]: |        S + oooo+|
[   38.661651] cloud-init[965]: |         . . .o.B|
[   38.661678] cloud-init[965]: |            ..+B |
[   38.661705] cloud-init[965]: |            .+*=.|
[   38.661734] cloud-init[965]: |             +**+|
[   38.661766] cloud-init[965]: +----[SHA256]-----+
[0;32m  OK  [0m] Reached target Network is Online.
         Starting iSCSI initiator daemon (iscsid)...
[[0;32m  OK  [0m] Reached target Cloud-config availability.
[[0;32m  OK  [0m] Listening on Socket activation for snappy daemon.
[[0;32m  OK  [0m] Listening on LXD - unix socket.
[[0;32m  OK  [0m] Reached target Sockets.
[[0;32m  OK  [0m] Reached target Basic System.
         Starting Virtualbox guest utils...
         Starting /etc/rc.local Compatibility...
[[0;32m  OK  [0m] Started FUSE filesystem for LXC.
[[0;32m  OK  [0m] Started Deferred execution scheduler.
         Starting LSB: MD monitoring daemon...
[[0;32m  OK  [0m] Started Regular background program processing daemon.
[[0;32m  OK  [0m] Started ACPI event daemon.
[[0;32m  OK  [0m] Started D-Bus System Message Bus.
         Starting System Logging Service...
         Starting LSB: Record successful boot for GRUB...
         Starting Login Service...
         Starting LXD - container startup/shutdown...
[[0;32m  OK  [0m] Started Unattended Upgrades Shutdown.
         Starting Accounts Service...
         Starting Pollinate to seed the pseudo random number generator...
         Starting Snappy daemon...
[[0;32m  OK  [0m] Started /etc/rc.local Compatibility.
[[0;32m  OK  [0m] Started Login Service.
[[0;32m  OK  [0m] Started LSB: Record successful boot for GRUB.
[[0;32m  OK  [0m] Started System Logging Service.
[[0;32m  OK  [0m] Started LSB: MD monitoring daemon.
[[0;32m  OK  [0m] Started iSCSI initiator daemon (iscsid).
         Starting Login to default iSCSI targets...
[[0;32m  OK  [0m] Started Login to default iSCSI targets.
[[0;32m  OK  [0m] Reached target Remote File Systems (Pre).
[[0;32m  OK  [0m] Reached target Remote File Systems.
         Starting LSB: automatic crash report generation...
         Starting Permit User Sessions...
         Starting LSB: Set the CPU Frequency Scaling governor to "ondemand"...
         Starting LSB: daemon to balance interrupts for SMP systems...
[[0;32m  OK  [0m] Started LSB: Set the CPU Frequency Scaling governor to "ondemand".
         Starting Authenticate and Authorize Users to Run Privileged Tasks...
[[0;32m  OK  [0m] Started Permit User Sessions.
         Starting Hold until boot process finishes up...
         Starting Terminate Plymouth Boot Screen...
[[0;32m  OK  [0m] Started LSB: automatic crash report generation.
[[0;32m  OK  [0m] Started Hold until boot process finishes up.
[[0;32m  OK  [0m] Started Terminate Plymouth Boot Screen.
[[0;32m  OK  [0m] Started Serial Getty on ttyS0.
[[0;32m  OK  [0m] Started Getty on tty1.
[[0;32m  OK  [0m] Reached target Login Prompts.
         Starting Set console scheme...
[[0;32m  OK  [0m] Started Set console scheme.
[[0;32m  OK  [0m] Started LSB: daemon to balance interrupts for SMP systems.
[[0;32m  OK  [0m] Started Virtualbox guest utils.
[[0;32m  OK  [0m] Started Authenticate and Authorize Users to Run Privileged Tasks.
[[0;32m  OK  [0m] Started Accounts Service.
[[0;32m  OK  [0m] Started Pollinate to seed the pseudo random number generator.
         Starting OpenBSD Secure Shell server...
[[0;32m  OK  [0m] Started LXD - container startup/shutdown.
[[0;32m  OK  [0m] Started OpenBSD Secure Shell server.
[[0;32m  OK  [0m] Started Snappy daemon.
         Starting Wait until snapd is fully seeded...
[[0;32m  OK  [0m] Created slice User Slice of vagrant.
         Starting User Manager for UID 1000...
[[0;32m  OK  [0m] Started Session 1 of user vagrant.
[[0;32m  OK  [0m] Started User Manager for UID 1000.
[[0;32m  OK  [0m] Started Wait until snapd is fully seeded.
         Starting Apply the settings specified in cloud-config...
[[0;32m  OK  [0m] Reached target Multi-User System.
[[0;32m  OK  [0m] Reached target Graphical Interface.
         Starting Update UTMP about System Runlevel Changes...
[   46.803068] cloud-init[1380]: Generating locales (this might take a while)...

Ubuntu 16.04.5 LTS ubuntu-xenial ttyS0

ubuntu-xenial login: [   47.741848] cloud-init[1380]:   en_US.UTF-8... done
[   47.745017] cloud-init[1380]: Generation complete.
[   48.656045] cloud-init[1380]: Cloud-init v. 18.3-9-g2e62cb8a-0ubuntu1~16.04.2 running 'modules:config' at Wed, 10 Oct 2018 10:55:08 +0000. Up 46.39 seconds.
ci-info: no authorized ssh keys fingerprints found for user ubuntu.
<14>Oct 10 10:55:11 ec2: 
<14>Oct 10 10:55:11 ec2: #############################################################
<14>Oct 10 10:55:11 ec2: -----BEGIN SSH HOST KEY FINGERPRINTS-----
<14>Oct 10 10:55:11 ec2: 1024 SHA256:iEC7vciL0M2m4wsvm66+i5adh8tvW9FfnG60NY6vWMk root@ubuntu-xenial (DSA)
<14>Oct 10 10:55:11 ec2: 256 SHA256:IoHFYBEpIlcg7S8/28qlAkiXEDmR7LLcdIRCWzKkgFg root@ubuntu-xenial (ECDSA)
<14>Oct 10 10:55:11 ec2: 256 SHA256:x43XRtx7+lKtUq376CT/sDZNLWQwSIRXdFBByV2AYtM root@ubuntu-xenial (ED25519)
<14>Oct 10 10:55:11 ec2: 2048 SHA256:X1sT89BIPCjp/WWXJDY3uolkoh/H1SUul8Z3XuXFdzY root@ubuntu-xenial (RSA)
<14>Oct 10 10:55:11 ec2: -----END SSH HOST KEY FINGERPRINTS-----
<14>Oct 10 10:55:11 ec2: #############################################################
-----BEGIN SSH HOST KEY KEYS-----
ecdsa-sha2-nistp256 AAAAE2VjZHNhLXNoYTItbmlzdHAyNTYAAAAIbmlzdHAyNTYAAABBBB5UQE1sfiaOXggONi8iDL9h+EEFMD2AqDRK7itGyi6YU4LtbV2OWpmqeB0AZK6SHImrn5dcJFT+8B4DkFfFz/o= root@ubuntu-xenial
ssh-ed25519 AAAAC3NzaC1lZDI1NTE5AAAAILmT24tOAPdJZA9jHsweihsAv8JlV09G59/Cg2TnnnzL root@ubuntu-xenial
ssh-rsa AAAAB3NzaC1yc2EAAAADAQABAAABAQDPRyfgrqOTEEr1cD+r9gKUc+E5ujfzQ6TVHPALMM+HioMW1iVM9GmMaD7lB90YEn3aQV8+vMFEofgr+fM2K/2l79W3m4RGQ1PPh7ubQqXC5AP83YuzqnGfACQ166M+cSXyfDmdy6qdmpywIbU9gpHtEKA/DybO1wBy+TvPLpBBV/lsACaAkzFssXPJPLUn3T864tIvb+h5CwBe5h1tiCgvk/9IQ+6YaAWDEyKKRpOtjh9Pyuo3xJQ3sThOOv+7WzmXsKTlntTlvsxzr2vBV/M5SNGNRNjfd8bF8GBQ5oXPG/yaY1VXKikncG6H6X/g3dledtvjHG5aLkuM+oAzH0uD root@ubuntu-xenial
-----END SSH HOST KEY KEYS-----
[   49.067244] cloud-init[1520]: Cloud-init v. 18.3-9-g2e62cb8a-0ubuntu1~16.04.2 running 'modules:final' at Wed, 10 Oct 2018 10:55:11 +0000. Up 48.90 seconds.
[   49.067406] cloud-init[1520]: ci-info: no authorized ssh keys fingerprints found for user ubuntu.
[   49.067496] cloud-init[1520]: Cloud-init v. 18.3-9-g2e62cb8a-0ubuntu1~16.04.2 finished at Wed, 10 Oct 2018 10:55:11 +0000. Datasource DataSourceNoCloud [seed=/dev/sdb][dsmode=net].  Up 49.05 seconds
